[2019-02-07 13:32:56.892] [exthost1] [info] extension host started
[2019-02-07 13:32:57.044] [exthost1] [info] ExtensionService#_doActivateExtension vscode.debug-auto-launch {"startup":true,"activationEvent":"*"}
[2019-02-07 13:32:57.045] [exthost1] [info] ExtensionService#loadCommonJSModule c:\Users\ImKyoungsu\.codemix\engine\resources\app\extensions\debug-auto-launch\out\extension
[2019-02-07 13:32:57.162] [exthost1] [info] ExtensionService#_doActivateExtension vscode.emmet {"startup":true,"activationEvent":"*"}
[2019-02-07 13:32:57.162] [exthost1] [info] ExtensionService#loadCommonJSModule c:\Users\ImKyoungsu\.codemix\engine\resources\app\extensions\emmet\dist\extension
[2019-02-07 13:32:57.481] [exthost1] [info] ExtensionService#_doActivateExtension vscode.merge-conflict {"startup":true,"activationEvent":"*"}
[2019-02-07 13:32:57.481] [exthost1] [info] ExtensionService#loadCommonJSModule c:\Users\ImKyoungsu\.codemix\engine\resources\app\extensions\merge-conflict\out\extension
[2019-02-07 13:32:58.004] [exthost1] [info] ExtensionService#_doActivateExtension vscode.search-rg {"startup":true,"activationEvent":"*"}
[2019-02-07 13:32:58.004] [exthost1] [info] ExtensionService#loadCommonJSModule c:\Users\ImKyoungsu\.codemix\engine\resources\app\extensions\search-rg\out\extension
[2019-02-07 13:32:58.080] [exthost1] [info] eager extensions activated
[2019-02-07 13:32:59.172] [exthost1] [info] extension host started
[2019-02-07 13:32:59.283] [exthost1] [info] ExtensionService#_doActivateExtension vscode.debug-auto-launch {"startup":true,"activationEvent":"*"}
[2019-02-07 13:32:59.284] [exthost1] [info] ExtensionService#loadCommonJSModule c:\Users\ImKyoungsu\.codemix\engine\resources\app\extensions\debug-auto-launch\out\extension
[2019-02-07 13:32:59.327] [exthost1] [info] ExtensionService#_doActivateExtension vscode.emmet {"startup":true,"activationEvent":"*"}
[2019-02-07 13:32:59.328] [exthost1] [info] ExtensionService#loadCommonJSModule c:\Users\ImKyoungsu\.codemix\engine\resources\app\extensions\emmet\dist\extension
[2019-02-07 13:32:59.443] [exthost1] [info] ExtensionService#_doActivateExtension vscode.merge-conflict {"startup":true,"activationEvent":"*"}
[2019-02-07 13:32:59.443] [exthost1] [info] ExtensionService#loadCommonJSModule c:\Users\ImKyoungsu\.codemix\engine\resources\app\extensions\merge-conflict\out\extension
[2019-02-07 13:32:59.494] [exthost1] [info] ExtensionService#_doActivateExtension vscode.search-rg {"startup":true,"activationEvent":"*"}
[2019-02-07 13:32:59.494] [exthost1] [info] ExtensionService#loadCommonJSModule c:\Users\ImKyoungsu\.codemix\engine\resources\app\extensions\search-rg\out\extension
[2019-02-07 13:32:59.525] [exthost1] [info] eager extensions activated
[2019-02-07 13:32:59.531] [exthost1] [info] ExtensionService#_doActivateExtension vscode.configuration-editing {"startup":false,"activationEvent":"onLanguage:jsonc"}
[2019-02-07 13:32:59.531] [exthost1] [info] ExtensionService#loadCommonJSModule c:\Users\ImKyoungsu\.codemix\engine\resources\app\extensions\configuration-editing\out\extension
[2019-02-07 13:32:59.567] [exthost1] [info] ExtensionService#_doActivateExtension vscode.json-language-features {"startup":false,"activationEvent":"onLanguage:jsonc"}
[2019-02-07 13:32:59.567] [exthost1] [info] ExtensionService#loadCommonJSModule c:\Users\ImKyoungsu\.codemix\engine\resources\app\extensions\json-language-features\client\dist\jsonMain
[2019-02-07 13:33:00.102] [exthost1] [info] ExtensionService#_doActivateExtension vscode.typescript-language-features {"startup":false,"activationEvent":"onLanguage:jsonc"}
[2019-02-07 13:33:00.102] [exthost1] [info] ExtensionService#loadCommonJSModule c:\Users\ImKyoungsu\.codemix\engine\resources\app\extensions\typescript-language-features\dist\extension
[2019-02-07 13:33:00.481] [exthost1] [info] ExtensionService#_doActivateExtension vscode.grunt {"startup":false,"activationEvent":"onCommand:workbench.action.tasks.runTask"}
[2019-02-07 13:33:00.481] [exthost1] [info] ExtensionService#loadCommonJSModule c:\Users\ImKyoungsu\.codemix\engine\resources\app\extensions\grunt\out\main
[2019-02-07 13:33:00.506] [exthost1] [info] ExtensionService#_doActivateExtension vscode.gulp {"startup":false,"activationEvent":"onCommand:workbench.action.tasks.runTask"}
[2019-02-07 13:33:00.506] [exthost1] [info] ExtensionService#loadCommonJSModule c:\Users\ImKyoungsu\.codemix\engine\resources\app\extensions\gulp\out\main
[2019-02-07 13:33:00.524] [exthost1] [info] ExtensionService#_doActivateExtension vscode.jake {"startup":false,"activationEvent":"onCommand:workbench.action.tasks.runTask"}
[2019-02-07 13:33:00.525] [exthost1] [info] ExtensionService#loadCommonJSModule c:\Users\ImKyoungsu\.codemix\engine\resources\app\extensions\jake\out\main
[2019-02-07 13:33:00.542] [exthost1] [info] ExtensionService#_doActivateExtension vscode.npm {"startup":false,"activationEvent":"onCommand:workbench.action.tasks.runTask"}
[2019-02-07 13:33:00.542] [exthost1] [info] ExtensionService#loadCommonJSModule c:\Users\ImKyoungsu\.codemix\engine\resources\app\extensions\npm\out\main
